[17-Apr-2024 10:33:08] NOTICE: fpm is running, pid 595
[17-Apr-2024 10:33:08] NOTICE: ready to handle connections
[17-Apr-2024 14:28:42] NOTICE: Terminating ...
[17-Apr-2024 14:28:42] NOTICE: Terminating ...
[17-Apr-2024 14:28:42] NOTICE: exiting, bye-bye!
[21-Apr-2024 09:36:22] NOTICE: fpm is running, pid 612
[21-Apr-2024 09:36:22] NOTICE: ready to handle connections
[21-Apr-2024 10:38:15] NOTICE: Terminating ...
[21-Apr-2024 10:38:15] NOTICE: Terminating ...
[21-Apr-2024 10:38:16] NOTICE: exiting, bye-bye!
[21-Apr-2024 10:38:17] NOTICE: fpm is running, pid 1580
[21-Apr-2024 10:38:17] NOTICE: ready to handle connections
[21-Apr-2024 10:39:13] NOTICE: Terminating ...
[21-Apr-2024 10:39:13] NOTICE: Terminating ...
[21-Apr-2024 10:39:13] NOTICE: exiting, bye-bye!
[21-Apr-2024 10:39:14] NOTICE: fpm is running, pid 1630
[21-Apr-2024 10:39:14] NOTICE: ready to handle connections
[21-Apr-2024 11:38:14] NOTICE: Terminating ...
[21-Apr-2024 11:38:14] NOTICE: Terminating ...
[21-Apr-2024 11:38:14] NOTICE: exiting, bye-bye!
[21-Apr-2024 14:54:54] NOTICE: fpm is running, pid 1404
[21-Apr-2024 14:54:54] NOTICE: ready to handle connections
[21-Apr-2024 17:02:50] NOTICE: Terminating ...
[21-Apr-2024 17:02:50] NOTICE: exiting, bye-bye!
[21-Apr-2024 17:02:50] NOTICE: fpm is running, pid 2354
[21-Apr-2024 17:02:50] NOTICE: ready to handle connections
[21-Apr-2024 17:02:52] NOTICE: Terminating ...
[21-Apr-2024 17:02:52] NOTICE: exiting, bye-bye!
[21-Apr-2024 17:02:52] NOTICE: fpm is running, pid 2384
[21-Apr-2024 17:02:52] NOTICE: ready to handle connections
[21-Apr-2024 17:02:54] NOTICE: Terminating ...
[21-Apr-2024 17:02:54] NOTICE: exiting, bye-bye!
[21-Apr-2024 17:02:55] NOTICE: fpm is running, pid 2398
[21-Apr-2024 17:02:55] NOTICE: ready to handle connections
[21-Apr-2024 17:02:57] NOTICE: Terminating ...
[21-Apr-2024 17:02:57] NOTICE: exiting, bye-bye!
[22-Apr-2024 08:57:27] NOTICE: fpm is running, pid 988
[22-Apr-2024 08:57:27] NOTICE: ready to handle connections
[22-Apr-2024 12:26:45] NOTICE: Terminating ...
[22-Apr-2024 12:26:45] NOTICE: Terminating ...
[22-Apr-2024 12:26:46] NOTICE: exiting, bye-bye!
[22-Apr-2024 14:19:35] NOTICE: fpm is running, pid 1470
[22-Apr-2024 14:19:35] NOTICE: ready to handle connections
[22-Apr-2024 17:12:45] NOTICE: Terminating ...
[22-Apr-2024 17:12:45] NOTICE: Terminating ...
[22-Apr-2024 17:12:45] NOTICE: exiting, bye-bye!
[23-Apr-2024 08:47:24] NOTICE: fpm is running, pid 2670
[23-Apr-2024 08:47:24] NOTICE: ready to handle connections
[23-Apr-2024 12:18:50] NOTICE: Terminating ...
[23-Apr-2024 12:18:50] NOTICE: Terminating ...
[23-Apr-2024 12:18:50] NOTICE: exiting, bye-bye!
[23-Apr-2024 13:19:35] NOTICE: fpm is running, pid 791
[23-Apr-2024 13:19:35] NOTICE: ready to handle connections
[23-Apr-2024 16:21:44] NOTICE: Terminating ...
[23-Apr-2024 16:21:44] NOTICE: Terminating ...
[23-Apr-2024 16:21:44] NOTICE: exiting, bye-bye!
[24-Apr-2024 08:49:16] NOTICE: fpm is running, pid 1130
[24-Apr-2024 08:49:16] NOTICE: ready to handle connections
[24-Apr-2024 10:20:57] NOTICE: Terminating ...
[24-Apr-2024 10:20:57] NOTICE: Terminating ...
[24-Apr-2024 10:20:57] NOTICE: exiting, bye-bye!
[28-Apr-2024 09:29:49] NOTICE: fpm is running, pid 998
[28-Apr-2024 09:29:49] NOTICE: ready to handle connections
[28-Apr-2024 12:32:29] NOTICE: Terminating ...
[28-Apr-2024 12:32:29] NOTICE: Terminating ...
[28-Apr-2024 12:32:29] NOTICE: exiting, bye-bye!
[29-Apr-2024 08:28:46] NOTICE: fpm is running, pid 1108
[29-Apr-2024 08:28:46] NOTICE: ready to handle connections
[29-Apr-2024 11:49:26] NOTICE: Terminating ...
[29-Apr-2024 11:49:26] NOTICE: Terminating ...
[29-Apr-2024 11:49:26] NOTICE: exiting, bye-bye!
[30-Apr-2024 09:05:20] NOTICE: fpm is running, pid 974
[30-Apr-2024 09:05:20] NOTICE: ready to handle connections
[30-Apr-2024 12:08:34] NOTICE: Terminating ...
[30-Apr-2024 12:08:34] NOTICE: Terminating ...
[30-Apr-2024 12:08:34] NOTICE: exiting, bye-bye!
[30-Apr-2024 13:19:03] NOTICE: fpm is running, pid 903
[30-Apr-2024 13:19:03] NOTICE: ready to handle connections
[30-Apr-2024 16:41:12] NOTICE: Terminating ...
[30-Apr-2024 16:41:12] NOTICE: Terminating ...
[30-Apr-2024 16:41:12] NOTICE: exiting, bye-bye!
[01-May-2024 08:16:04] NOTICE: fpm is running, pid 2569
[01-May-2024 08:16:04] NOTICE: ready to handle connections
[01-May-2024 11:54:30] NOTICE: Terminating ...
[01-May-2024 11:54:30] NOTICE: Terminating ...
[01-May-2024 11:54:30] NOTICE: exiting, bye-bye!
[01-May-2024 12:58:47] NOTICE: fpm is running, pid 849
[01-May-2024 12:58:47] NOTICE: ready to handle connections
[01-May-2024 15:42:14] NOTICE: Terminating ...
[01-May-2024 15:42:14] NOTICE: Terminating ...
[01-May-2024 15:42:14] NOTICE: exiting, bye-bye!
[02-May-2024 09:02:04] NOTICE: fpm is running, pid 1007
[02-May-2024 09:02:04] NOTICE: ready to handle connections
[02-May-2024 11:56:03] NOTICE: Terminating ...
[02-May-2024 11:56:03] NOTICE: Terminating ...
[02-May-2024 11:56:03] NOTICE: exiting, bye-bye!
[02-May-2024 14:36:25] NOTICE: fpm is running, pid 991
[02-May-2024 14:36:25] NOTICE: ready to handle connections
[02-May-2024 15:48:15] NOTICE: Terminating ...
[02-May-2024 15:48:15] NOTICE: Terminating ...
[02-May-2024 15:48:15] NOTICE: exiting, bye-bye!
[03-May-2024 08:57:07] NOTICE: fpm is running, pid 978
[03-May-2024 08:57:07] NOTICE: ready to handle connections
[03-May-2024 12:06:51] NOTICE: Terminating ...
[03-May-2024 12:06:51] NOTICE: Terminating ...
[03-May-2024 12:06:51] NOTICE: exiting, bye-bye!
[03-May-2024 16:58:31] NOTICE: fpm is running, pid 886
[03-May-2024 16:58:31] NOTICE: ready to handle connections
[03-May-2024 19:13:32] NOTICE: Terminating ...
[03-May-2024 19:13:32] NOTICE: Terminating ...
[03-May-2024 19:13:32] NOTICE: exiting, bye-bye!
[04-May-2024 10:56:24] NOTICE: fpm is running, pid 1173
[04-May-2024 10:56:24] NOTICE: ready to handle connections
[04-May-2024 12:40:28] NOTICE: Terminating ...
[04-May-2024 12:40:28] NOTICE: Terminating ...
[04-May-2024 12:40:28] NOTICE: exiting, bye-bye!
[04-May-2024 14:40:55] NOTICE: fpm is running, pid 1101
[04-May-2024 14:40:55] NOTICE: ready to handle connections
[04-May-2024 14:49:58] NOTICE: Terminating ...
[04-May-2024 14:49:58] NOTICE: Terminating ...
[04-May-2024 14:49:58] NOTICE: exiting, bye-bye!
[04-May-2024 15:25:46] NOTICE: fpm is running, pid 2230
[04-May-2024 15:25:46] NOTICE: ready to handle connections
[04-May-2024 15:31:27] NOTICE: Terminating ...
[04-May-2024 15:31:27] NOTICE: Terminating ...
[04-May-2024 15:31:27] NOTICE: exiting, bye-bye!
[04-May-2024 19:10:59] NOTICE: fpm is running, pid 968
[04-May-2024 19:10:59] NOTICE: ready to handle connections
[04-May-2024 19:40:52] NOTICE: Terminating ...
[04-May-2024 19:40:52] NOTICE: Terminating ...
[04-May-2024 19:40:52] NOTICE: exiting, bye-bye!
[06-May-2024 08:26:18] NOTICE: fpm is running, pid 944
[06-May-2024 08:26:18] NOTICE: ready to handle connections
